<?xml version="1.0" encoding="UTF-8"?>
<!-- Generated by org.testng.reporters.JUnitXMLReporter -->
<testsuite ignored="4" hostname="LPFKOL015150" failures="2" tests="14" name="Tests" time="171.632" errors="0" timestamp="2024-08-26T13:06:53 IST">
  <testcase classname="TestClass.CreateSegmentTest" name="createSegmentCX" time="22.391">
    <skipped/>
  </testcase> <!-- createSegmentCX -->
  <testcase classname="TestClass.CreateSegmentTest" name="createSegmentCX" time="11.129">
    <skipped/>
  </testcase> <!-- createSegmentCX -->
  <testcase classname="TestClass.CreateSegmentTest" name="createSegmentCX" time="11.046">
    <skipped/>
  </testcase> <!-- createSegmentCX -->
  <testcase classname="TestClass.CreateSegmentTest" name="createSegmentCX" time="5.554"/>
  <testcase classname="TestClass.AudienceConfigurationTest" name="createUserCustomAttribute" time="3.716"/>
  <testcase classname="TestClass.LoginTest" name="userLoginAndLogOut" time="1.262"/>
  <testcase classname="TestClass.CreateTemplateTest" name="createTemplate" time="5.241">
    <skipped/>
  </testcase> <!-- createTemplate -->
  <testcase classname="TestClass.CreateTemplateTest" name="createTemplate" time="5.634">
    <skipped/>
  </testcase> <!-- createTemplate -->
  <testcase classname="TestClass.CreateTemplateTest" name="createTemplate" time="5.469">
    <skipped/>
  </testcase> <!-- createTemplate -->
  <testcase classname="TestClass.CreateTemplateTest" name="createTemplate" time="5.64">
    <failure type="org.openqa.selenium.NoSuchSessionException" message="Session ID is null. Using WebDriver after calling quit()?
Build info: version: &amp;apos;4.21.0&amp;apos;, revision: &amp;apos;79ed462ef4&amp;apos;
System info: os.name: &amp;apos;Windows 11&amp;apos;, os.arch: &amp;apos;amd64&amp;apos;, os.version: &amp;apos;10.0&amp;apos;, java.version: &amp;apos;17.0.8&amp;apos;
Driver info: org.openqa.selenium.chrome.ChromeDriver
Command: [null, executeScript {args=[{element-6066-11e4-a52e-4f735466cecf=f.2CF09DDA09F70E38D54D5209954C0C2D.d.B5147B6361B9234F16B9CC953EDF2C7F.e.137}], script=arguments[0].scrollIntoView();}]
Capabilities {acceptInsecureCerts: false, browserName: chrome, browserVersion: 127.0.6533.120, chrome: {chromedriverVersion: 127.0.6533.119 (bdef6783a05..., userDataDir: C:\Users\FKOL01~1\AppData\L...}, fedcm:accounts: true, goog:chromeOptions: {debuggerAddress: localhost:63107}, networkConnectionEnabled: false, pageLoadStrategy: normal, platformName: windows, proxy: Proxy(), se:cdp: ws://localhost:63107/devtoo..., se:cdpVersion: 127.0.6533.120, setWindowRect: true, strictFileInteractability: false, timeouts: {implicit: 0, pageLoad: 300000, script: 30000}, unhandledPromptBehavior: dismiss and notify, webauthn:extension:credBlob: true, webauthn:extension:largeBlob: true, webauthn:extension:minPinLength: true, webauthn:extension:prf: true, webauthn:virtualAuthenticators: true}">
      <![CDATA[org.openqa.selenium.NoSuchSessionException: Session ID is null. Using WebDriver after calling quit()?
Build info: version: '4.21.0', revision: '79ed462ef4'
System info: os.name: 'Windows 11', os.arch: 'amd64', os.version: '10.0', java.version: '17.0.8'
Driver info: org.openqa.selenium.chrome.ChromeDriver
Command: [null, executeScript {args=[{element-6066-11e4-a52e-4f735466cecf=f.2CF09DDA09F70E38D54D5209954C0C2D.d.B5147B6361B9234F16B9CC953EDF2C7F.e.137}], script=arguments[0].scrollIntoView();}]
Capabilities {acceptInsecureCerts: false, browserName: chrome, browserVersion: 127.0.6533.120, chrome: {chromedriverVersion: 127.0.6533.119 (bdef6783a05..., userDataDir: C:\Users\FKOL01~1\AppData\L...}, fedcm:accounts: true, goog:chromeOptions: {debuggerAddress: localhost:63107}, networkConnectionEnabled: false, pageLoadStrategy: normal, platformName: windows, proxy: Proxy(), se:cdp: ws://localhost:63107/devtoo..., se:cdpVersion: 127.0.6533.120, setWindowRect: true, strictFileInteractability: false, timeouts: {implicit: 0, pageLoad: 300000, script: 30000}, unhandledPromptBehavior: dismiss and notify, webauthn:extension:credBlob: true, webauthn:extension:largeBlob: true, webauthn:extension:minPinLength: true, webauthn:extension:prf: true, webauthn:virtualAuthenticators: true}
at org.openqa.selenium.remote.HttpCommandExecutor.execute(HttpCommandExecutor.java:151)
at org.openqa.selenium.remote.service.DriverCommandExecutor.invokeExecute(DriverCommandExecutor.java:216)
at org.openqa.selenium.remote.service.DriverCommandExecutor.execute(DriverCommandExecutor.java:174)
at org.openqa.selenium.remote.RemoteWebDriver.execute(RemoteWebDriver.java:518)
at org.openqa.selenium.remote.RemoteWebDriver.executeScript(RemoteWebDriver.java:463)
at ActionDriver.Action.JSPageScrollDown(Action.java:70)
at PageObject.CreateTemplatePage.scrollVertical(CreateTemplatePage.java:124)
at TestClass.CreateTemplateTest.createTemplate(CreateTemplateTest.java:40)
at java.base/java.util.ArrayList.forEach(ArrayList.java:1511)
... Removed 27 stack frames]]>
    </failure>
  </testcase> <!-- createTemplate -->
  <testcase classname="TestClass.CreateCampaignTest" name="createCampaignProcress" time="10.643">
    <skipped/>
  </testcase> <!-- createCampaignProcress -->
  <testcase classname="TestClass.CreateCampaignTest" name="createCampaignProcress" time="9.916">
    <skipped/>
  </testcase> <!-- createCampaignProcress -->
  <testcase classname="TestClass.CreateCampaignTest" name="createCampaignProcress" time="10.607">
    <skipped/>
  </testcase> <!-- createCampaignProcress -->
  <testcase classname="TestClass.CreateCampaignTest" name="createCampaignProcress" time="10.543">
    <failure type="org.openqa.selenium.NoSuchSessionException" message="Session ID is null. Using WebDriver after calling quit()?
Build info: version: &amp;apos;4.21.0&amp;apos;, revision: &amp;apos;79ed462ef4&amp;apos;
System info: os.name: &amp;apos;Windows 11&amp;apos;, os.arch: &amp;apos;amd64&amp;apos;, os.version: &amp;apos;10.0&amp;apos;, java.version: &amp;apos;17.0.8&amp;apos;
Driver info: org.openqa.selenium.chrome.ChromeDriver
Command: [null, executeScript {args=[], script=window.scrollBy(0,100)}]
Capabilities {acceptInsecureCerts: false, browserName: chrome, browserVersion: 127.0.6533.120, chrome: {chromedriverVersion: 127.0.6533.119 (bdef6783a05..., userDataDir: C:\Users\FKOL01~1\AppData\L...}, fedcm:accounts: true, goog:chromeOptions: {debuggerAddress: localhost:63107}, networkConnectionEnabled: false, pageLoadStrategy: normal, platformName: windows, proxy: Proxy(), se:cdp: ws://localhost:63107/devtoo..., se:cdpVersion: 127.0.6533.120, setWindowRect: true, strictFileInteractability: false, timeouts: {implicit: 0, pageLoad: 300000, script: 30000}, unhandledPromptBehavior: dismiss and notify, webauthn:extension:credBlob: true, webauthn:extension:largeBlob: true, webauthn:extension:minPinLength: true, webauthn:extension:prf: true, webauthn:virtualAuthenticators: true}">
      <![CDATA[org.openqa.selenium.NoSuchSessionException: Session ID is null. Using WebDriver after calling quit()?
Build info: version: '4.21.0', revision: '79ed462ef4'
System info: os.name: 'Windows 11', os.arch: 'amd64', os.version: '10.0', java.version: '17.0.8'
Driver info: org.openqa.selenium.chrome.ChromeDriver
Command: [null, executeScript {args=[], script=window.scrollBy(0,100)}]
Capabilities {acceptInsecureCerts: false, browserName: chrome, browserVersion: 127.0.6533.120, chrome: {chromedriverVersion: 127.0.6533.119 (bdef6783a05..., userDataDir: C:\Users\FKOL01~1\AppData\L...}, fedcm:accounts: true, goog:chromeOptions: {debuggerAddress: localhost:63107}, networkConnectionEnabled: false, pageLoadStrategy: normal, platformName: windows, proxy: Proxy(), se:cdp: ws://localhost:63107/devtoo..., se:cdpVersion: 127.0.6533.120, setWindowRect: true, strictFileInteractability: false, timeouts: {implicit: 0, pageLoad: 300000, script: 30000}, unhandledPromptBehavior: dismiss and notify, webauthn:extension:credBlob: true, webauthn:extension:largeBlob: true, webauthn:extension:minPinLength: true, webauthn:extension:prf: true, webauthn:virtualAuthenticators: true}
at org.openqa.selenium.remote.HttpCommandExecutor.execute(HttpCommandExecutor.java:151)
at org.openqa.selenium.remote.service.DriverCommandExecutor.invokeExecute(DriverCommandExecutor.java:216)
at org.openqa.selenium.remote.service.DriverCommandExecutor.execute(DriverCommandExecutor.java:174)
at org.openqa.selenium.remote.RemoteWebDriver.execute(RemoteWebDriver.java:518)
at org.openqa.selenium.remote.RemoteWebDriver.executeScript(RemoteWebDriver.java:463)
at ActionDriver.Action.JSPageScrollDownPage(Action.java:77)
at PageObject.CreateCampaignPage.PageScrollDown(CreateCampaignPage.java:125)
at TestClass.CreateCampaignTest.createCampaignProcress(CreateCampaignTest.java:45)
at java.base/java.util.ArrayList.forEach(ArrayList.java:1511)
... Removed 27 stack frames]]>
    </failure>
  </testcase> <!-- createCampaignProcress -->
  <testcase classname="BaseClass.BaseClass" name="@BeforeTest loadPropertiesFile" time="0.0">
    <ignored/>
  </testcase> <!-- @BeforeTest loadPropertiesFile -->
  <testcase classname="BaseClass.BaseClass" name="@BeforeTest loadPropertiesFile" time="0.0">
    <ignored/>
  </testcase> <!-- @BeforeTest loadPropertiesFile -->
  <testcase classname="BaseClass.BaseClass" name="@BeforeTest loadPropertiesFile" time="0.0">
    <ignored/>
  </testcase> <!-- @BeforeTest loadPropertiesFile -->
  <testcase classname="BaseClass.BaseClass" name="@BeforeTest loadPropertiesFile" time="0.0">
    <ignored/>
  </testcase> <!-- @BeforeTest loadPropertiesFile -->
</testsuite> <!-- Tests -->
