<?xml version="1.0" encoding="UTF-8"?>
<!-- Generated by org.testng.reporters.JUnitXMLReporter -->
<testsuite ignored="5" hostname="LPFKOL015150" failures="1" tests="8" name="TestAll" time="141.618" errors="0" timestamp="2024-09-20T18:31:21 IST">
  <testcase classname="TestClass.CreateCampaignPromotionalTest" name="createCampaignProcress" time="15.108"/>
  <testcase classname="TestClass.CreateCampaignTransactionalTest" name="createCampaignTransactionalType" time="10.41">
    <skipped/>
  </testcase> <!-- createCampaignTransactionalType -->
  <testcase classname="TestClass.CreateCampaignTransactionalTest" name="createCampaignTransactionalType" time="10.104">
    <skipped/>
  </testcase> <!-- createCampaignTransactionalType -->
  <testcase classname="TestClass.CreateCampaignTransactionalTest" name="createCampaignTransactionalType" time="11.443">
    <failure type="org.openqa.selenium.NoSuchSessionException" message="Session ID is null. Using WebDriver after calling quit()?
Build info: version: &amp;apos;4.21.0&amp;apos;, revision: &amp;apos;79ed462ef4&amp;apos;
System info: os.name: &amp;apos;Windows 11&amp;apos;, os.arch: &amp;apos;amd64&amp;apos;, os.version: &amp;apos;10.0&amp;apos;, java.version: &amp;apos;17.0.8&amp;apos;
Driver info: org.openqa.selenium.chrome.ChromeDriver
Command: [null, executeScript {script=window.scrollBy(0,100), args=[]}]
Capabilities {acceptInsecureCerts: false, browserName: chrome, browserVersion: 129.0.6668.59, chrome: {chromedriverVersion: 129.0.6668.58 (81a06fb873a9..., userDataDir: C:\Users\FKOL01~1\AppData\L...}, fedcm:accounts: true, goog:chromeOptions: {debuggerAddress: localhost:62995}, networkConnectionEnabled: false, pageLoadStrategy: normal, platformName: windows, proxy: Proxy(), se:cdp: ws://localhost:62995/devtoo..., se:cdpVersion: 129.0.6668.59, setWindowRect: true, strictFileInteractability: false, timeouts: {implicit: 0, pageLoad: 300000, script: 30000}, unhandledPromptBehavior: dismiss and notify, webauthn:extension:credBlob: true, webauthn:extension:largeBlob: true, webauthn:extension:minPinLength: true, webauthn:extension:prf: true, webauthn:virtualAuthenticators: true}">
      <![CDATA[org.openqa.selenium.NoSuchSessionException: Session ID is null. Using WebDriver after calling quit()?
Build info: version: '4.21.0', revision: '79ed462ef4'
System info: os.name: 'Windows 11', os.arch: 'amd64', os.version: '10.0', java.version: '17.0.8'
Driver info: org.openqa.selenium.chrome.ChromeDriver
Command: [null, executeScript {script=window.scrollBy(0,100), args=[]}]
Capabilities {acceptInsecureCerts: false, browserName: chrome, browserVersion: 129.0.6668.59, chrome: {chromedriverVersion: 129.0.6668.58 (81a06fb873a9..., userDataDir: C:\Users\FKOL01~1\AppData\L...}, fedcm:accounts: true, goog:chromeOptions: {debuggerAddress: localhost:62995}, networkConnectionEnabled: false, pageLoadStrategy: normal, platformName: windows, proxy: Proxy(), se:cdp: ws://localhost:62995/devtoo..., se:cdpVersion: 129.0.6668.59, setWindowRect: true, strictFileInteractability: false, timeouts: {implicit: 0, pageLoad: 300000, script: 30000}, unhandledPromptBehavior: dismiss and notify, webauthn:extension:credBlob: true, webauthn:extension:largeBlob: true, webauthn:extension:minPinLength: true, webauthn:extension:prf: true, webauthn:virtualAuthenticators: true}
at org.openqa.selenium.remote.HttpCommandExecutor.execute(HttpCommandExecutor.java:151)
at org.openqa.selenium.remote.service.DriverCommandExecutor.invokeExecute(DriverCommandExecutor.java:216)
at org.openqa.selenium.remote.service.DriverCommandExecutor.execute(DriverCommandExecutor.java:174)
at org.openqa.selenium.remote.RemoteWebDriver.execute(RemoteWebDriver.java:518)
at org.openqa.selenium.remote.RemoteWebDriver.executeScript(RemoteWebDriver.java:463)
at ActionDriver.Action.JSPageScrollDownPage(Action.java:86)
at PageObject.CreateCampaignPageTransactional.PageScrollDown(CreateCampaignPageTransactional.java:129)
at TestClass.CreateCampaignTransactionalTest.createCampaignTransactionalType(CreateCampaignTransactionalTest.java:44)
at java.base/java.util.ArrayList.forEach(ArrayList.java:1511)
... Removed 31 stack frames]]>
    </failure>
  </testcase> <!-- createCampaignTransactionalType -->
  <testcase classname="TestClass.CreateTemplateTest" name="createTemplate" time="19.279"/>
  <testcase classname="TestClass.CreateSegmentTest" name="createSegmentCX" time="7.752"/>
  <testcase classname="TestClass.AudienceConfigurationTest" name="createUserCustomAttribute" time="6.433"/>
  <testcase classname="TestClass.LoginTest" name="userLoginAndLogOut" time="2.083"/>
  <testcase classname="BaseClass.BaseClass" name="@BeforeTest loadPropertiesFile" time="0.0">
    <ignored/>
  </testcase> <!-- @BeforeTest loadPropertiesFile -->
  <testcase classname="BaseClass.BaseClass" name="@BeforeTest loadPropertiesFile" time="0.0">
    <ignored/>
  </testcase> <!-- @BeforeTest loadPropertiesFile -->
  <testcase classname="BaseClass.BaseClass" name="@BeforeTest loadPropertiesFile" time="0.0">
    <ignored/>
  </testcase> <!-- @BeforeTest loadPropertiesFile -->
  <testcase classname="BaseClass.BaseClass" name="@BeforeTest loadPropertiesFile" time="0.0">
    <ignored/>
  </testcase> <!-- @BeforeTest loadPropertiesFile -->
  <testcase classname="BaseClass.BaseClass" name="@BeforeTest loadPropertiesFile" time="0.0">
    <ignored/>
  </testcase> <!-- @BeforeTest loadPropertiesFile -->
</testsuite> <!-- TestAll -->
